mode: set
github.com/M1racle-Heen/library/internal/usecase/interactor/book_interactor.go:13.74,14.21 1 1
github.com/M1racle-Heen/library/internal/usecase/interactor/book_interactor.go:18.2,20.3 1 1
github.com/M1racle-Heen/library/internal/usecase/interactor/book_interactor.go:14.21,15.38 1 1
github.com/M1racle-Heen/library/internal/usecase/interactor/book_interactor.go:24.81,28.16 2 1
github.com/M1racle-Heen/library/internal/usecase/interactor/book_interactor.go:32.2,32.25 1 1
github.com/M1racle-Heen/library/internal/usecase/interactor/book_interactor.go:28.16,30.3 1 1
github.com/M1racle-Heen/library/internal/usecase/interactor/book_interactor.go:36.71,39.16 2 1
github.com/M1racle-Heen/library/internal/usecase/interactor/book_interactor.go:43.2,43.18 1 1
github.com/M1racle-Heen/library/internal/usecase/interactor/book_interactor.go:39.16,41.3 1 1
github.com/M1racle-Heen/library/internal/usecase/interactor/book_interactor.go:47.58,49.2 1 1
